<?xml version="1.0" encoding="UTF-8"?>
<testng-results ignored="0" total="1" passed="1" failed="0" skipped="0">
  <reporter-output>
  </reporter-output>
  <suite started-at="2024-04-01T03:24:43 IST" name="Default suite" finished-at="2024-04-01T03:24:56 IST" duration-ms="13309">
    <groups>
    </groups>
    <test started-at="2024-04-01T03:24:43 IST" name="Default test" finished-at="2024-04-01T03:24:56 IST" duration-ms="13309">
      <class name="Test.AtoZ.suggessionDrpDwnTest">
        <test-method is-config="true" signature="Start()[pri:0, instance:Test.AtoZ.suggessionDrpDwnTest@7ce026d3]" started-at="2024-04-01T03:24:43 IST" name="Start" finished-at="2024-04-01T03:24:55 IST" duration-ms="12288" status="PASS">
          <reporter-output>
          </reporter-output>
        </test-method> <!-- Start -->
        <test-method signature="SelectCountry(java.lang.String,java.lang.String)[pri:0, instance:Test.AtoZ.suggessionDrpDwnTest@7ce026d3]" started-at="2024-04-01T03:24:56 IST" name="SelectCountry" data-provider="getDataCountry" finished-at="2024-04-01T03:24:56 IST" duration-ms="924" status="PASS">
          <params>
            <param index="0">
              <value>
                <![CDATA[tan]]>
              </value>
            </param>
            <param index="1">
              <value>
                <![CDATA[Tajikistan]]>
              </value>
            </param>
          </params>
          <reporter-output>
          </reporter-output>
        </test-method> <!-- SelectCountry -->
      </class> <!-- Test.AtoZ.suggessionDrpDwnTest -->
    </test> <!-- Default test -->
  </suite> <!-- Default suite -->
</testng-results>
